<?xml version="1.0" encoding="UTF-8"?>
<testng-results skipped="0" failed="0" ignored="0" total="1" passed="1">
  <reporter-output>
    <line>
      <![CDATA[Thank you. Your request has been received. We will get back to you within 1 working day]]>
    </line>
  </reporter-output>
  <suite name="Suite" duration-ms="32304" started-at="2018-03-03T18:25:45Z" finished-at="2018-03-03T18:26:17Z">
    <groups>
    </groups>
    <test name="Test" duration-ms="32304" started-at="2018-03-03T18:25:45Z" finished-at="2018-03-03T18:26:17Z">
      <class name="script.RequestDemo">
        <test-method status="PASS" signature="openApp()[pri:0, instance:script.RequestDemo@6b2fad11]" name="openApp" is-config="true" duration-ms="18258" started-at="2018-03-03T18:25:45Z" finished-at="2018-03-03T18:26:03Z">
          <reporter-output>
          </reporter-output>
        </test-method> <!-- openApp -->
        <test-method status="PASS" signature="testRequestForDemoPopUp()[pri:0, instance:script.RequestDemo@6b2fad11]" name="testRequestForDemoPopUp" duration-ms="13979" started-at="2018-03-03T18:26:03Z" finished-at="2018-03-03T18:26:17Z">
          <reporter-output>
            <line>
              <![CDATA[Thank you. Your request has been received. We will get back to you within 1 working day]]>
            </line>
          </reporter-output>
        </test-method> <!-- testRequestForDemoPopUp -->
        <test-method status="PASS" signature="closeApplication(org.testng.ITestResult)[pri:0, instance:script.RequestDemo@6b2fad11]" name="closeApplication" is-config="true" duration-ms="24" started-at="2018-03-03T18:26:17Z" finished-at="2018-03-03T18:26:17Z">
          <params>
            <param index="0">
              <value>
                <![CDATA[[TestResult name=testRequestForDemoPopUp status=SUCCESS method=RequestDemo.testRequestForDemoPopUp()[pri:0, instance:script.RequestDemo@6b2fad11] output=Thank you. Your request has been received. We will get back to you within 1 working day]]]>
              </value>
            </param>
          </params>
          <reporter-output>
          </reporter-output>
        </test-method> <!-- closeApplication -->
      </class> <!-- script.RequestDemo -->
    </test> <!-- Test -->
  </suite> <!-- Suite -->
</testng-results>
